<?xml version="1.0" encoding="UTF-8"?>
<!-- Generated by org.testng.reporters.JUnitReportReporter -->
<testsuite hostname="DESKTOP-J17G1RB" failures="0" tests="4" name="tests.UserTests" time="25.135" errors="0" timestamp="2025-08-03T22:35:56 EET" skipped="0">
  <testcase classname="tests.UserTests" name="testSignup" time="9.035"/>
  <testcase classname="tests.UserTests" name="testLogout" time="2.699"/>
  <testcase classname="tests.UserTests" name="testLogin" time="2.568"/>
  <testcase classname="tests.UserTests" name="testAddToCartAndCheckout" time="10.833"/>
</testsuite> <!-- tests.UserTests -->
